04-06 18:39:03 com_github_MitjaNemec_ReplicateLayout.action_replicate_layout 278:Plugin executed on: 'linux'
04-06 18:39:03 com_github_MitjaNemec_ReplicateLayout.action_replicate_layout 279:Plugin executed with python version: '3.8.10 (default, Mar 15 2022, 12:22:08) \n[GCC 9.4.0]'
04-06 18:39:03 com_github_MitjaNemec_ReplicateLayout.action_replicate_layout 280:KiCad build version: 6.0.1-79c1e3a40b~116~ubuntu20.04.1
04-06 18:39:03 com_github_MitjaNemec_ReplicateLayout.action_replicate_layout 281:Plugin version: 1.1.0
04-06 18:39:03 com_github_MitjaNemec_ReplicateLayout.action_replicate_layout 282:Frame repr: <wx._core.Frame object at 0x7f2017299940>
04-06 18:39:03 com_github_MitjaNemec_ReplicateLayout.action_replicate_layout 301:Preparing replicator with L201 as a reference
04-06 18:39:03 com_github_MitjaNemec_ReplicateLayout.replicate_layout 98:getting a list of all footprints on board
04-06 18:39:03 com_github_MitjaNemec_ReplicateLayout.action_replicate_layout 329:source anchor footprint is 'L201'
Located on: ['Power Leg 1']
With filenames: ['PowerLeg1.kicad_sch']
With sheet_id:['Power Leg 1']
04-06 18:39:03 com_github_MitjaNemec_ReplicateLayout.action_replicate_layout 336:Corresponding footprints are 
[('L201', ['Power Leg 1']), ('L1', ['Power Leg 2'])]
04-06 18:39:03 com_github_MitjaNemec_ReplicateLayout.action_replicate_layout 348:Showing dialog
04-06 18:39:03 com_github_MitjaNemec_ReplicateLayout.action_replicate_layout 354:Toolbar position: wx.Point(1484, 169)
04-06 18:39:03 com_github_MitjaNemec_ReplicateLayout.action_replicate_layout 360:Dialog position: wx.Point(1120, 169)
04-06 18:39:03 com_github_MitjaNemec_ReplicateLayout.replicate_layout 329:constructing a list of sheets suitable for replication on level:'Power Leg 1', file:'PowerLeg1.kicad_sch'
04-06 18:39:03 com_github_MitjaNemec_ReplicateLayout.replicate_layout 366:suitable sheets are:[['Power Leg 2']]
04-06 18:39:17 com_github_MitjaNemec_ReplicateLayout.replicate_layout 329:constructing a list of sheets suitable for replication on level:'Power Leg 1', file:'PowerLeg1.kicad_sch'
04-06 18:39:17 com_github_MitjaNemec_ReplicateLayout.replicate_layout 366:suitable sheets are:[['Power Leg 2']]
04-06 18:39:17 com_github_MitjaNemec_ReplicateLayout.action_replicate_layout 128:Replicating layout
04-06 18:39:17 com_github_MitjaNemec_ReplicateLayout.replicate_layout 146:Starting replication of sheets: [['Power Leg 2']]
on level: ['Power Leg 1']
with tracks=True, zone=True, text=True, containing=True, remove=True, locked=False, by_group=False
04-06 18:39:17 root 218:updating GUI message: 'Preparing for replication'
04-06 18:39:17 root 223:updating GUI with: 0
04-06 18:39:17 com_github_MitjaNemec_ReplicateLayout.replicate_layout 215:Getting the list of source footprints
04-06 18:39:17 root 223:updating GUI with: 0
04-06 18:39:17 com_github_MitjaNemec_ReplicateLayout.replicate_layout 230:Getting the list of all the remaining footprints
04-06 18:39:17 root 223:updating GUI with: 12
04-06 18:39:17 com_github_MitjaNemec_ReplicateLayout.replicate_layout 235:Getting nets local to source footprints
04-06 18:39:17 root 223:updating GUI with: 25
04-06 18:39:17 com_github_MitjaNemec_ReplicateLayout.replicate_layout 238:Getting source bounding box
04-06 18:39:17 root 223:updating GUI with: 37
04-06 18:39:17 com_github_MitjaNemec_ReplicateLayout.replicate_layout 242:Getting source tracks
04-06 18:39:17 root 223:updating GUI with: 50
04-06 18:39:17 com_github_MitjaNemec_ReplicateLayout.replicate_layout 251:Getting source zones
04-06 18:39:17 root 223:updating GUI with: 62
04-06 18:39:17 com_github_MitjaNemec_ReplicateLayout.replicate_layout 260:Getting source text items
04-06 18:39:17 root 223:updating GUI with: 75
04-06 18:39:17 com_github_MitjaNemec_ReplicateLayout.replicate_layout 269:Getting source drawing items
04-06 18:39:17 root 223:updating GUI with: 87
04-06 18:39:17 root 223:updating GUI with: 100
04-06 18:39:17 com_github_MitjaNemec_ReplicateLayout.replicate_layout 177:Removing tracks and zones, before footprint placement
04-06 18:39:17 root 218:updating GUI message: 'Removing zones and tracks'
04-06 18:39:17 root 223:updating GUI with: 0
04-06 18:39:18 com_github_MitjaNemec_ReplicateLayout.replicate_layout 1046:Remove bounding box top:83615000, bottom:125237500, Left:68025000, Right:134852500
04-06 18:39:18 root 218:updating GUI message: 'Replicating footprints'
04-06 18:39:18 root 223:updating GUI with: 0
04-06 18:39:18 com_github_MitjaNemec_ReplicateLayout.replicate_layout 663:Replicating footprints
04-06 18:39:18 root 223:updating GUI with: 0
04-06 18:39:18 com_github_MitjaNemec_ReplicateLayout.replicate_layout 669:Replicating footprints on sheet ['Power Leg 2']
04-06 18:39:18 root 223:updating GUI with: 1
04-06 18:39:18 root 223:updating GUI with: 2
04-06 18:39:18 root 223:updating GUI with: 4
04-06 18:39:18 root 223:updating GUI with: 5
04-06 18:39:18 root 223:updating GUI with: 7
04-06 18:39:18 root 223:updating GUI with: 8
04-06 18:39:18 root 223:updating GUI with: 9
04-06 18:39:18 root 223:updating GUI with: 11
04-06 18:39:18 root 223:updating GUI with: 12
04-06 18:39:18 root 223:updating GUI with: 14
04-06 18:39:18 root 223:updating GUI with: 15
04-06 18:39:18 root 223:updating GUI with: 16
04-06 18:39:18 root 223:updating GUI with: 18
04-06 18:39:18 root 223:updating GUI with: 19
04-06 18:39:18 root 223:updating GUI with: 21
04-06 18:39:18 root 223:updating GUI with: 22
04-06 18:39:18 root 223:updating GUI with: 23
04-06 18:39:18 root 223:updating GUI with: 25
04-06 18:39:18 root 223:updating GUI with: 26
04-06 18:39:18 root 223:updating GUI with: 28
04-06 18:39:18 root 223:updating GUI with: 29
04-06 18:39:18 root 223:updating GUI with: 30
04-06 18:39:18 root 223:updating GUI with: 32
04-06 18:39:18 root 223:updating GUI with: 33
04-06 18:39:18 root 223:updating GUI with: 35
04-06 18:39:18 root 223:updating GUI with: 36
04-06 18:39:18 root 223:updating GUI with: 38
04-06 18:39:18 root 223:updating GUI with: 39
04-06 18:39:18 root 223:updating GUI with: 40
04-06 18:39:18 root 223:updating GUI with: 42
04-06 18:39:18 root 223:updating GUI with: 43
04-06 18:39:18 root 223:updating GUI with: 45
04-06 18:39:18 root 223:updating GUI with: 46
04-06 18:39:18 root 223:updating GUI with: 47
04-06 18:39:18 root 223:updating GUI with: 49
04-06 18:39:18 root 223:updating GUI with: 50
04-06 18:39:18 root 223:updating GUI with: 52
04-06 18:39:18 root 223:updating GUI with: 53
04-06 18:39:19 root 223:updating GUI with: 54
04-06 18:39:19 root 223:updating GUI with: 56
04-06 18:39:19 root 223:updating GUI with: 57
04-06 18:39:19 root 223:updating GUI with: 59
04-06 18:39:19 root 223:updating GUI with: 60
04-06 18:39:19 root 223:updating GUI with: 61
04-06 18:39:19 root 223:updating GUI with: 63
04-06 18:39:19 root 223:updating GUI with: 64
04-06 18:39:19 root 223:updating GUI with: 66
04-06 18:39:19 root 223:updating GUI with: 67
04-06 18:39:19 root 223:updating GUI with: 69
04-06 18:39:19 root 223:updating GUI with: 70
04-06 18:39:19 root 223:updating GUI with: 71
04-06 18:39:19 root 223:updating GUI with: 73
04-06 18:39:19 root 223:updating GUI with: 74
04-06 18:39:19 root 223:updating GUI with: 76
04-06 18:39:19 root 223:updating GUI with: 77
04-06 18:39:19 root 223:updating GUI with: 78
04-06 18:39:19 root 223:updating GUI with: 80
04-06 18:39:19 root 223:updating GUI with: 81
04-06 18:39:19 root 223:updating GUI with: 83
04-06 18:39:19 root 223:updating GUI with: 84
04-06 18:39:19 root 223:updating GUI with: 85
04-06 18:39:19 root 223:updating GUI with: 87
04-06 18:39:19 root 223:updating GUI with: 88
04-06 18:39:19 root 223:updating GUI with: 90
04-06 18:39:19 root 223:updating GUI with: 91
04-06 18:39:19 root 223:updating GUI with: 92
04-06 18:39:19 root 223:updating GUI with: 94
04-06 18:39:19 root 223:updating GUI with: 95
04-06 18:39:19 root 223:updating GUI with: 97
04-06 18:39:19 root 223:updating GUI with: 98
04-06 18:39:19 root 223:updating GUI with: 99
04-06 18:39:19 com_github_MitjaNemec_ReplicateLayout.replicate_layout 185:Removing tracks and zones, after footprint placement
04-06 18:39:19 root 218:updating GUI message: 'Removing zones and tracks'
04-06 18:39:19 root 223:updating GUI with: 0
04-06 18:39:19 root 223:updating GUI with: 0
04-06 18:39:19 com_github_MitjaNemec_ReplicateLayout.replicate_layout 1046:Remove bounding box top:83615000, bottom:125237500, Left:68025000, Right:134852500
04-06 18:39:19 root 218:updating GUI message: 'Replicating tracks'
04-06 18:39:19 root 223:updating GUI with: 0
04-06 18:39:19 com_github_MitjaNemec_ReplicateLayout.replicate_layout 829:Replicating tracks
04-06 18:39:19 root 223:updating GUI with: 0
04-06 18:39:19 com_github_MitjaNemec_ReplicateLayout.replicate_layout 835:Replicating tracks on sheet ['Power Leg 2']
04-06 18:39:19 root 223:updating GUI with: 0
04-06 18:39:19 root 223:updating GUI with: 0
04-06 18:39:19 root 223:updating GUI with: 1
04-06 18:39:19 root 223:updating GUI with: 1
04-06 18:39:19 root 223:updating GUI with: 2
04-06 18:39:19 root 223:updating GUI with: 2
04-06 18:39:19 root 223:updating GUI with: 2
04-06 18:39:19 root 223:updating GUI with: 3
04-06 18:39:19 root 223:updating GUI with: 3
04-06 18:39:19 root 223:updating GUI with: 4
04-06 18:39:19 root 223:updating GUI with: 4
04-06 18:39:19 root 223:updating GUI with: 5
04-06 18:39:19 root 223:updating GUI with: 5
04-06 18:39:19 root 223:updating GUI with: 5
04-06 18:39:19 root 223:updating GUI with: 6
04-06 18:39:19 root 223:updating GUI with: 6
04-06 18:39:20 root 223:updating GUI with: 7
04-06 18:39:20 root 223:updating GUI with: 7
04-06 18:39:20 root 223:updating GUI with: 7
04-06 18:39:20 root 223:updating GUI with: 8
04-06 18:39:20 root 223:updating GUI with: 8
04-06 18:39:20 root 223:updating GUI with: 9
04-06 18:39:20 root 223:updating GUI with: 9
04-06 18:39:20 root 223:updating GUI with: 10
04-06 18:39:20 root 223:updating GUI with: 10
04-06 18:39:20 root 223:updating GUI with: 10
04-06 18:39:20 root 223:updating GUI with: 11
04-06 18:39:20 root 223:updating GUI with: 11
04-06 18:39:20 root 223:updating GUI with: 12
04-06 18:39:20 root 223:updating GUI with: 12
04-06 18:39:20 root 223:updating GUI with: 13
04-06 18:39:20 root 223:updating GUI with: 13
04-06 18:39:20 root 223:updating GUI with: 13
04-06 18:39:20 root 223:updating GUI with: 14
04-06 18:39:20 root 223:updating GUI with: 14
04-06 18:39:20 root 223:updating GUI with: 15
04-06 18:39:20 root 223:updating GUI with: 15
04-06 18:39:20 root 223:updating GUI with: 15
04-06 18:39:20 root 223:updating GUI with: 16
04-06 18:39:20 root 223:updating GUI with: 16
04-06 18:39:20 root 223:updating GUI with: 17
04-06 18:39:20 root 223:updating GUI with: 17
04-06 18:39:20 root 223:updating GUI with: 18
04-06 18:39:20 root 223:updating GUI with: 18
04-06 18:39:20 root 223:updating GUI with: 18
04-06 18:39:20 root 223:updating GUI with: 19
04-06 18:39:20 root 223:updating GUI with: 19
04-06 18:39:20 root 223:updating GUI with: 20
04-06 18:39:20 root 223:updating GUI with: 20
04-06 18:39:20 root 223:updating GUI with: 21
04-06 18:39:20 root 223:updating GUI with: 21
04-06 18:39:20 root 223:updating GUI with: 21
04-06 18:39:20 root 223:updating GUI with: 22
04-06 18:39:20 root 223:updating GUI with: 22
04-06 18:39:20 root 223:updating GUI with: 23
04-06 18:39:20 root 223:updating GUI with: 23
04-06 18:39:20 root 223:updating GUI with: 23
04-06 18:39:20 root 223:updating GUI with: 24
04-06 18:39:20 root 223:updating GUI with: 24
04-06 18:39:20 root 223:updating GUI with: 25
04-06 18:39:20 root 223:updating GUI with: 25
04-06 18:39:20 root 223:updating GUI with: 26
04-06 18:39:20 root 223:updating GUI with: 26
04-06 18:39:20 root 223:updating GUI with: 26
04-06 18:39:20 root 223:updating GUI with: 27
04-06 18:39:20 root 223:updating GUI with: 27
04-06 18:39:20 root 223:updating GUI with: 28
04-06 18:39:20 root 223:updating GUI with: 28
04-06 18:39:20 root 223:updating GUI with: 28
04-06 18:39:20 root 223:updating GUI with: 29
04-06 18:39:20 root 223:updating GUI with: 29
04-06 18:39:20 root 223:updating GUI with: 30
04-06 18:39:20 root 223:updating GUI with: 30
04-06 18:39:20 root 223:updating GUI with: 31
04-06 18:39:20 root 223:updating GUI with: 31
04-06 18:39:21 root 223:updating GUI with: 31
04-06 18:39:21 root 223:updating GUI with: 32
04-06 18:39:21 root 223:updating GUI with: 32
04-06 18:39:21 root 223:updating GUI with: 33
04-06 18:39:21 root 223:updating GUI with: 33
04-06 18:39:21 root 223:updating GUI with: 34
04-06 18:39:21 root 223:updating GUI with: 34
04-06 18:39:21 root 223:updating GUI with: 34
04-06 18:39:21 root 223:updating GUI with: 35
04-06 18:39:21 root 223:updating GUI with: 35
04-06 18:39:21 root 223:updating GUI with: 36
04-06 18:39:21 root 223:updating GUI with: 36
04-06 18:39:21 root 223:updating GUI with: 36
04-06 18:39:21 root 223:updating GUI with: 37
04-06 18:39:21 root 223:updating GUI with: 37
04-06 18:39:21 root 223:updating GUI with: 38
04-06 18:39:21 root 223:updating GUI with: 38
04-06 18:39:21 root 223:updating GUI with: 39
04-06 18:39:21 root 223:updating GUI with: 39
04-06 18:39:21 root 223:updating GUI with: 39
04-06 18:39:21 root 223:updating GUI with: 40
04-06 18:39:21 root 223:updating GUI with: 40
04-06 18:39:21 root 223:updating GUI with: 41
04-06 18:39:21 root 223:updating GUI with: 41
04-06 18:39:21 root 223:updating GUI with: 42
04-06 18:39:21 root 223:updating GUI with: 42
04-06 18:39:21 root 223:updating GUI with: 42
04-06 18:39:21 root 223:updating GUI with: 43
04-06 18:39:21 root 223:updating GUI with: 43
04-06 18:39:21 root 223:updating GUI with: 44
04-06 18:39:21 root 223:updating GUI with: 44
04-06 18:39:21 root 223:updating GUI with: 44
04-06 18:39:21 root 223:updating GUI with: 45
04-06 18:39:21 root 223:updating GUI with: 45
04-06 18:39:21 root 223:updating GUI with: 46
04-06 18:39:21 root 223:updating GUI with: 46
04-06 18:39:21 root 223:updating GUI with: 47
04-06 18:39:21 root 223:updating GUI with: 47
04-06 18:39:21 root 223:updating GUI with: 47
04-06 18:39:21 root 223:updating GUI with: 48
04-06 18:39:21 root 223:updating GUI with: 48
04-06 18:39:21 root 223:updating GUI with: 49
04-06 18:39:21 root 223:updating GUI with: 49
04-06 18:39:21 root 223:updating GUI with: 49
04-06 18:39:21 root 223:updating GUI with: 50
04-06 18:39:21 root 223:updating GUI with: 50
04-06 18:39:21 root 223:updating GUI with: 51
04-06 18:39:21 root 223:updating GUI with: 51
04-06 18:39:21 root 223:updating GUI with: 52
04-06 18:39:21 root 223:updating GUI with: 52
04-06 18:39:21 root 223:updating GUI with: 52
04-06 18:39:21 root 223:updating GUI with: 53
04-06 18:39:21 root 223:updating GUI with: 53
04-06 18:39:21 root 223:updating GUI with: 54
04-06 18:39:21 root 223:updating GUI with: 54
04-06 18:39:21 root 223:updating GUI with: 55
04-06 18:39:21 root 223:updating GUI with: 55
04-06 18:39:21 root 223:updating GUI with: 55
04-06 18:39:21 root 223:updating GUI with: 56
04-06 18:39:21 root 223:updating GUI with: 56
04-06 18:39:21 root 223:updating GUI with: 57
04-06 18:39:21 root 223:updating GUI with: 57
04-06 18:39:21 root 223:updating GUI with: 57
04-06 18:39:21 root 223:updating GUI with: 58
04-06 18:39:22 root 223:updating GUI with: 58
04-06 18:39:22 root 223:updating GUI with: 59
04-06 18:39:22 root 223:updating GUI with: 59
04-06 18:39:22 root 223:updating GUI with: 60
04-06 18:39:22 root 223:updating GUI with: 60
04-06 18:39:22 root 223:updating GUI with: 60
04-06 18:39:22 root 223:updating GUI with: 61
04-06 18:39:22 root 223:updating GUI with: 61
04-06 18:39:22 root 223:updating GUI with: 62
04-06 18:39:22 root 223:updating GUI with: 62
04-06 18:39:22 root 223:updating GUI with: 63
04-06 18:39:22 root 223:updating GUI with: 63
04-06 18:39:22 root 223:updating GUI with: 63
04-06 18:39:22 root 223:updating GUI with: 64
04-06 18:39:22 root 223:updating GUI with: 64
04-06 18:39:22 root 223:updating GUI with: 65
04-06 18:39:22 root 223:updating GUI with: 65
04-06 18:39:22 root 223:updating GUI with: 65
04-06 18:39:22 root 223:updating GUI with: 66
04-06 18:39:22 root 223:updating GUI with: 66
04-06 18:39:22 root 223:updating GUI with: 67
04-06 18:39:22 root 223:updating GUI with: 67
04-06 18:39:22 root 223:updating GUI with: 68
04-06 18:39:22 root 223:updating GUI with: 68
04-06 18:39:22 root 223:updating GUI with: 68
04-06 18:39:22 root 223:updating GUI with: 69
04-06 18:39:22 root 223:updating GUI with: 69
04-06 18:39:22 root 223:updating GUI with: 70
04-06 18:39:22 root 223:updating GUI with: 70
04-06 18:39:22 root 223:updating GUI with: 71
04-06 18:39:22 root 223:updating GUI with: 71
04-06 18:39:22 root 223:updating GUI with: 71
04-06 18:39:22 root 223:updating GUI with: 72
04-06 18:39:22 root 223:updating GUI with: 72
04-06 18:39:22 root 223:updating GUI with: 73
04-06 18:39:22 root 223:updating GUI with: 73
04-06 18:39:22 root 223:updating GUI with: 73
04-06 18:39:22 root 223:updating GUI with: 74
04-06 18:39:22 root 223:updating GUI with: 74
04-06 18:39:22 root 223:updating GUI with: 75
04-06 18:39:22 root 223:updating GUI with: 75
04-06 18:39:22 root 223:updating GUI with: 76
04-06 18:39:22 root 223:updating GUI with: 76
04-06 18:39:22 root 223:updating GUI with: 76
04-06 18:39:22 root 223:updating GUI with: 77
04-06 18:39:22 root 223:updating GUI with: 77
04-06 18:39:22 root 223:updating GUI with: 78
04-06 18:39:22 root 223:updating GUI with: 78
04-06 18:39:22 root 223:updating GUI with: 78
04-06 18:39:22 root 223:updating GUI with: 79
04-06 18:39:22 root 223:updating GUI with: 79
04-06 18:39:22 root 223:updating GUI with: 80
04-06 18:39:22 root 223:updating GUI with: 80
04-06 18:39:22 root 223:updating GUI with: 81
04-06 18:39:22 root 223:updating GUI with: 81
04-06 18:39:22 root 223:updating GUI with: 81
04-06 18:39:22 root 223:updating GUI with: 82
04-06 18:39:22 root 223:updating GUI with: 82
04-06 18:39:22 root 223:updating GUI with: 83
04-06 18:39:22 root 223:updating GUI with: 83
04-06 18:39:22 root 223:updating GUI with: 84
04-06 18:39:22 root 223:updating GUI with: 84
04-06 18:39:22 root 223:updating GUI with: 84
04-06 18:39:22 root 223:updating GUI with: 85
04-06 18:39:22 root 223:updating GUI with: 85
04-06 18:39:22 root 223:updating GUI with: 86
04-06 18:39:22 root 223:updating GUI with: 86
04-06 18:39:23 root 223:updating GUI with: 86
04-06 18:39:23 root 223:updating GUI with: 87
04-06 18:39:23 root 223:updating GUI with: 87
04-06 18:39:23 root 223:updating GUI with: 88
04-06 18:39:23 root 223:updating GUI with: 88
04-06 18:39:23 root 223:updating GUI with: 89
04-06 18:39:23 root 223:updating GUI with: 89
04-06 18:39:23 root 223:updating GUI with: 89
04-06 18:39:23 root 223:updating GUI with: 90
04-06 18:39:23 root 223:updating GUI with: 90
04-06 18:39:23 root 223:updating GUI with: 91
04-06 18:39:23 root 223:updating GUI with: 91
04-06 18:39:23 root 223:updating GUI with: 92
04-06 18:39:23 root 223:updating GUI with: 92
04-06 18:39:23 root 223:updating GUI with: 92
04-06 18:39:23 root 223:updating GUI with: 93
04-06 18:39:23 root 223:updating GUI with: 93
04-06 18:39:23 root 223:updating GUI with: 94
04-06 18:39:23 root 223:updating GUI with: 94
04-06 18:39:23 root 223:updating GUI with: 94
04-06 18:39:23 root 223:updating GUI with: 95
04-06 18:39:23 root 223:updating GUI with: 95
04-06 18:39:23 root 223:updating GUI with: 96
04-06 18:39:23 root 223:updating GUI with: 96
04-06 18:39:23 root 223:updating GUI with: 97
04-06 18:39:23 root 223:updating GUI with: 97
04-06 18:39:23 root 223:updating GUI with: 97
04-06 18:39:23 root 223:updating GUI with: 98
04-06 18:39:23 root 223:updating GUI with: 98
04-06 18:39:23 root 223:updating GUI with: 99
04-06 18:39:23 root 223:updating GUI with: 99
04-06 18:39:23 root 223:updating GUI with: 99
04-06 18:39:23 root 218:updating GUI message: 'Replicating zones'
04-06 18:39:23 root 223:updating GUI with: 0
04-06 18:39:23 com_github_MitjaNemec_ReplicateLayout.replicate_layout 887:Replicating zones
04-06 18:39:23 root 223:updating GUI with: 0
04-06 18:39:23 com_github_MitjaNemec_ReplicateLayout.replicate_layout 894:Replicating zones on sheet ['Power Leg 2']
04-06 18:39:23 root 223:updating GUI with: 16
04-06 18:39:23 root 223:updating GUI with: 33
04-06 18:39:23 root 223:updating GUI with: 50
04-06 18:39:23 root 223:updating GUI with: 66
04-06 18:39:23 root 223:updating GUI with: 83
04-06 18:39:23 root 223:updating GUI with: 99
04-06 18:39:23 root 218:updating GUI message: 'Replicating text'
04-06 18:39:23 root 223:updating GUI with: 0
04-06 18:39:23 com_github_MitjaNemec_ReplicateLayout.replicate_layout 957:Replicating text
04-06 18:39:23 root 223:updating GUI with: 0
04-06 18:39:23 com_github_MitjaNemec_ReplicateLayout.replicate_layout 964:Replicating text on sheet ['Power Leg 2']
04-06 18:39:23 root 218:updating GUI message: 'Replicating drawings'
04-06 18:39:23 root 223:updating GUI with: 0
04-06 18:39:23 com_github_MitjaNemec_ReplicateLayout.replicate_layout 997:Replicating drawings
04-06 18:39:23 root 223:updating GUI with: 0
04-06 18:39:23 com_github_MitjaNemec_ReplicateLayout.replicate_layout 1003:Replicating drawings on sheet ['Power Leg 2']
04-06 18:39:23 root 223:updating GUI with: 0
04-06 18:39:23 root 223:updating GUI with: 1
04-06 18:39:23 root 223:updating GUI with: 2
04-06 18:39:23 root 223:updating GUI with: 3
04-06 18:39:23 root 223:updating GUI with: 4
04-06 18:39:23 root 223:updating GUI with: 5
04-06 18:39:23 root 223:updating GUI with: 6
04-06 18:39:23 root 223:updating GUI with: 7
04-06 18:39:23 root 223:updating GUI with: 8
04-06 18:39:23 root 223:updating GUI with: 9
04-06 18:39:23 root 223:updating GUI with: 10
04-06 18:39:23 root 223:updating GUI with: 11
04-06 18:39:23 root 223:updating GUI with: 12
04-06 18:39:23 root 223:updating GUI with: 12
04-06 18:39:23 root 223:updating GUI with: 13
04-06 18:39:23 root 223:updating GUI with: 14
04-06 18:39:23 root 223:updating GUI with: 15
04-06 18:39:23 root 223:updating GUI with: 16
04-06 18:39:24 root 223:updating GUI with: 17
04-06 18:39:24 root 223:updating GUI with: 18
04-06 18:39:24 root 223:updating GUI with: 19
04-06 18:39:24 root 223:updating GUI with: 20
04-06 18:39:24 root 223:updating GUI with: 21
04-06 18:39:24 root 223:updating GUI with: 22
04-06 18:39:24 root 223:updating GUI with: 23
04-06 18:39:24 root 223:updating GUI with: 24
04-06 18:39:24 root 223:updating GUI with: 24
04-06 18:39:24 root 223:updating GUI with: 25
04-06 18:39:24 root 223:updating GUI with: 26
04-06 18:39:24 root 223:updating GUI with: 27
04-06 18:39:24 root 223:updating GUI with: 28
04-06 18:39:24 root 223:updating GUI with: 29
04-06 18:39:24 root 223:updating GUI with: 30
04-06 18:39:24 root 223:updating GUI with: 31
04-06 18:39:24 root 223:updating GUI with: 32
04-06 18:39:24 root 223:updating GUI with: 33
04-06 18:39:24 root 223:updating GUI with: 34
04-06 18:39:24 root 223:updating GUI with: 35
04-06 18:39:24 root 223:updating GUI with: 36
04-06 18:39:24 root 223:updating GUI with: 37
04-06 18:39:24 root 223:updating GUI with: 37
04-06 18:39:24 root 223:updating GUI with: 38
04-06 18:39:24 root 223:updating GUI with: 39
04-06 18:39:24 root 223:updating GUI with: 40
04-06 18:39:24 root 223:updating GUI with: 41
04-06 18:39:24 root 223:updating GUI with: 42
04-06 18:39:24 root 223:updating GUI with: 43
04-06 18:39:24 root 223:updating GUI with: 44
04-06 18:39:24 root 223:updating GUI with: 45
04-06 18:39:24 root 223:updating GUI with: 46
04-06 18:39:24 root 223:updating GUI with: 47
04-06 18:39:24 root 223:updating GUI with: 48
04-06 18:39:24 root 223:updating GUI with: 49
04-06 18:39:24 root 223:updating GUI with: 49
04-06 18:39:24 root 223:updating GUI with: 50
04-06 18:39:24 root 223:updating GUI with: 51
04-06 18:39:24 root 223:updating GUI with: 52
04-06 18:39:24 root 223:updating GUI with: 53
04-06 18:39:24 root 223:updating GUI with: 54
04-06 18:39:24 root 223:updating GUI with: 55
04-06 18:39:24 root 223:updating GUI with: 56
04-06 18:39:24 root 223:updating GUI with: 57
04-06 18:39:24 root 223:updating GUI with: 58
04-06 18:39:24 root 223:updating GUI with: 59
04-06 18:39:24 root 223:updating GUI with: 60
04-06 18:39:24 root 223:updating GUI with: 61
04-06 18:39:24 root 223:updating GUI with: 62
04-06 18:39:24 root 223:updating GUI with: 62
04-06 18:39:24 root 223:updating GUI with: 63
04-06 18:39:24 root 223:updating GUI with: 64
04-06 18:39:24 root 223:updating GUI with: 65
04-06 18:39:24 root 223:updating GUI with: 66
04-06 18:39:24 root 223:updating GUI with: 67
04-06 18:39:24 root 223:updating GUI with: 68
04-06 18:39:24 root 223:updating GUI with: 69
04-06 18:39:24 root 223:updating GUI with: 70
04-06 18:39:24 root 223:updating GUI with: 71
04-06 18:39:24 root 223:updating GUI with: 72
04-06 18:39:24 root 223:updating GUI with: 73
04-06 18:39:24 root 223:updating GUI with: 74
04-06 18:39:24 root 223:updating GUI with: 75
04-06 18:39:24 root 223:updating GUI with: 75
04-06 18:39:24 root 223:updating GUI with: 76
04-06 18:39:25 root 223:updating GUI with: 77
04-06 18:39:25 root 223:updating GUI with: 78
04-06 18:39:25 root 223:updating GUI with: 79
04-06 18:39:25 root 223:updating GUI with: 80
04-06 18:39:25 root 223:updating GUI with: 81
04-06 18:39:25 root 223:updating GUI with: 82
04-06 18:39:25 root 223:updating GUI with: 83
04-06 18:39:25 root 223:updating GUI with: 84
04-06 18:39:25 root 223:updating GUI with: 85
04-06 18:39:25 root 223:updating GUI with: 86
04-06 18:39:25 root 223:updating GUI with: 87
04-06 18:39:25 root 223:updating GUI with: 87
04-06 18:39:25 root 223:updating GUI with: 88
04-06 18:39:25 root 223:updating GUI with: 89
04-06 18:39:25 root 223:updating GUI with: 90
04-06 18:39:25 root 223:updating GUI with: 91
04-06 18:39:25 root 223:updating GUI with: 92
04-06 18:39:25 root 223:updating GUI with: 93
04-06 18:39:25 root 223:updating GUI with: 94
04-06 18:39:25 root 223:updating GUI with: 95
04-06 18:39:25 root 223:updating GUI with: 96
04-06 18:39:25 root 223:updating GUI with: 97
04-06 18:39:25 root 223:updating GUI with: 98
04-06 18:39:25 root 223:updating GUI with: 99
04-06 18:39:25 root 223:updating GUI with: 100
04-06 18:39:25 com_github_MitjaNemec_ReplicateLayout.action_replicate_layout 152:Replication complete
